#-----------------------------------------------------------
# Vivado v2020.2 (64-bit)
# SW Build 3064766 on Wed Nov 18 09:12:45 MST 2020
# IP Build 3064653 on Wed Nov 18 14:17:31 MST 2020
# Start of session at: Tue Aug  9 13:17:38 2022
# Process ID: 6432
# Current directory: C:/Users/zhang/Desktop/IC/2021/2021
# Command line: vivado.exe -gui_launcher_event rodinguilauncherevent25892 C:\Users\zhang\Desktop\IC\2021\2021\2021.xpr
# Log file: C:/Users/zhang/Desktop/IC/2021/2021/vivado.log
# Journal file: C:/Users/zhang/Desktop/IC/2021/2021\vivado.jou
#-----------------------------------------------------------
start_gui
open_project C:/Users/zhang/Desktop/IC/2021/2021/2021.xpr
WARNING: [filemgmt 56-3] Default IP Output Path : Could not find the directory 'C:/Users/zhang/Desktop/IC/2021/2021/2021.gen/sources_1'.
Scanning sources...
Finished scanning sources
INFO: [IP_Flow 19-234] Refreshing IP repositories
INFO: [IP_Flow 19-1704] No user IP repositories specified
INFO: [IP_Flow 19-2313] Loaded Vivado IP repository 'C:/Xilinx/Vivado/2020.2/data/ip'.
update_compile_order -fileset sources_1
exit
INFO: [Common 17-206] Exiting Vivado at Tue Aug  9 14:55:23 2022...
